<?xml version="1.0" encoding="UTF-8"?>
<testng-results ignored="0" total="1" passed="1" failed="0" skipped="0">
  <reporter-output>
  </reporter-output>
  <suite started-at="2025-01-21T17:19:11 IST" name="Default suite" finished-at="2025-01-21T17:19:15 IST" duration-ms="3875">
    <groups>
    </groups>
    <test started-at="2025-01-21T17:19:11 IST" name="Default test" finished-at="2025-01-21T17:19:15 IST" duration-ms="3875">
      <class name="testng.Ss">
        <test-method signature="screenshotTest()[pri:0, instance:testng.Ss@1a6d8329]" started-at="2025-01-21T17:19:11 IST" name="screenshotTest" finished-at="2025-01-21T17:19:15 IST" duration-ms="3785" status="PASS">
          <reporter-output>
          </reporter-output>
        </test-method> <!-- screenshotTest -->
      </class> <!-- testng.Ss -->
    </test> <!-- Default test -->
  </suite> <!-- Default suite -->
</testng-results>
